c:\users\jzn\documents\3dprog\new\lectures\lecture 5\rasterizerdemo\rasterizerdemo\debug\vc141.pdb
c:\users\jzn\documents\3dprog\new\lectures\lecture 5\rasterizerdemo\rasterizerdemo\debug\vc141.idb
c:\users\jzn\documents\3dprog\new\lectures\lecture 5\rasterizerdemo\rasterizerdemo\debug\windowhelper.obj
c:\users\jzn\documents\3dprog\new\lectures\lecture 5\rasterizerdemo\rasterizerdemo\debug\pipelinehelper.obj
c:\users\jzn\documents\3dprog\new\lectures\lecture 5\rasterizerdemo\rasterizerdemo\debug\main.obj
c:\users\jzn\documents\3dprog\new\lectures\lecture 5\rasterizerdemo\rasterizerdemo\debug\d3d11helper.obj
c:\users\jzn\documents\3dprog\new\lectures\lecture 5\rasterizerdemo\debug\pixelshader.cso
c:\users\jzn\documents\3dprog\new\lectures\lecture 5\rasterizerdemo\debug\vertexshader.cso
c:\users\jzn\documents\3dprog\new\lectures\lecture 5\rasterizerdemo\debug\rasterizerdemo.ilk
c:\users\jzn\documents\3dprog\new\lectures\lecture 5\rasterizerdemo\debug\rasterizerdemo.exe
c:\users\jzn\documents\3dprog\new\lectures\lecture 5\rasterizerdemo\debug\rasterizerdemo.pdb
c:\users\jzn\documents\3dprog\new\lectures\lecture 5\rasterizerdemo\rasterizerdemo\debug\rasterizerdemo.tlog\cl.command.1.tlog
c:\users\jzn\documents\3dprog\new\lectures\lecture 5\rasterizerdemo\rasterizerdemo\debug\rasterizerdemo.tlog\cl.read.1.tlog
c:\users\jzn\documents\3dprog\new\lectures\lecture 5\rasterizerdemo\rasterizerdemo\debug\rasterizerdemo.tlog\cl.write.1.tlog
c:\users\jzn\documents\3dprog\new\lectures\lecture 5\rasterizerdemo\rasterizerdemo\debug\rasterizerdemo.tlog\fxc.command.1.tlog
c:\users\jzn\documents\3dprog\new\lectures\lecture 5\rasterizerdemo\rasterizerdemo\debug\rasterizerdemo.tlog\fxc.read.1.tlog
c:\users\jzn\documents\3dprog\new\lectures\lecture 5\rasterizerdemo\rasterizerdemo\debug\rasterizerdemo.tlog\fxc.write.1.tlog
c:\users\jzn\documents\3dprog\new\lectures\lecture 5\rasterizerdemo\rasterizerdemo\debug\rasterizerdemo.tlog\link.command.1.tlog
c:\users\jzn\documents\3dprog\new\lectures\lecture 5\rasterizerdemo\rasterizerdemo\debug\rasterizerdemo.tlog\link.read.1.tlog
c:\users\jzn\documents\3dprog\new\lectures\lecture 5\rasterizerdemo\rasterizerdemo\debug\rasterizerdemo.tlog\link.write.1.tlog
